
==================================================
  fx_regime pipeline  --  2026-03-09
==================================================

>>  fx  (pipeline.py)
OK  fx  -- 12.2s

>>  cot  (cot_pipeline.py)
OK  cot  -- 11.7s

>>  inr  (inr_pipeline.py)
OK  inr  -- 5.4s
  [dedup] merge  (pipeline.py already ran)

>>  text  (morning_brief.py)
OK  text  -- 1.3s

>>  html  (create_html_brief.py)
OK  html  -- 5.6s

>>  deploy  (deploy.py)
OK  deploy  -- 0.4s

==================================================
  all steps done  (36.7s total)
  archived -> runs/2026-03-09/

  live at: https://shreyash3007.github.io/G10-FX-Regime-Detection-Framework/
==================================================

